<?xml version="1.0" encoding="UTF-8"?>
<!-- Generated by org.testng.reporters.JUnitXMLReporter -->
<testsuite ignored="17" hostname="ITL-LT-DL-REF-84-R0916838" failures="0" tests="9" name="Test" time="56.618" errors="0" timestamp="2023-08-04T19:53:49 IST">
  <testcase classname="com.intense.testcases.OpenBrowserTestcase" name="openApplication" time="10.215"/>
  <testcase classname="com.intense.testcases.LoginTestcase" name="loginApp" time="17.081"/>
  <testcase classname="com.intense.testcases.UserManagerTestcase" name="userManger" time="5.217"/>
  <testcase classname="com.intense.testcases.UsersTestcase" name="users" time="4.933"/>
  <testcase classname="com.intense.testcases.CreateUserTestcase" name="frameMove" time="0.107"/>
  <testcase classname="com.intense.testcases.SearchUserTestcase" name="serachUser" time="6.027"/>
  <testcase classname="com.intense.testcases.EditUserTestcase" name="editIcon" time="1.856"/>
  <testcase classname="com.intense.testcases.EditUserTestcase" name="editUserData" time="0.549"/>
  <testcase classname="com.intense.testcases.LogoutTestcase" name="logoutApp" time="10.419"/>
  <testcase classname="com.intense.accelator.ActionWrappers" name="@AfterSuite extentReportEnd" time="0.0">
    <ignored/>
  </testcase> <!-- @AfterSuite extentReportEnd -->
  <testcase classname="com.intense.accelator.ActionWrappers" name="@BeforeSuite extentReportStart" time="0.0">
    <ignored/>
  </testcase> <!-- @BeforeSuite extentReportStart -->
  <testcase classname="com.intense.accelator.ActionWrappers" name="@AfterSuite extentReportEnd" time="0.0">
    <ignored/>
  </testcase> <!-- @AfterSuite extentReportEnd -->
  <testcase classname="com.intense.accelator.ActionWrappers" name="@AfterSuite extentReportEnd" time="0.0">
    <ignored/>
  </testcase> <!-- @AfterSuite extentReportEnd -->
  <testcase classname="com.intense.accelator.ActionWrappers" name="@BeforeSuite extentReportStart" time="0.0">
    <ignored/>
  </testcase> <!-- @BeforeSuite extentReportStart -->
  <testcase classname="com.intense.accelator.ActionWrappers" name="@BeforeSuite extentReportStart" time="0.0">
    <ignored/>
  </testcase> <!-- @BeforeSuite extentReportStart -->
  <testcase classname="com.intense.testcases.CreateUserTestcase" name="saveCreateUsrDataOptions" time="0.0">
    <ignored/>
  </testcase> <!-- saveCreateUsrDataOptions -->
  <testcase classname="com.intense.accelator.ActionWrappers" name="@AfterSuite extentReportEnd" time="0.0">
    <ignored/>
  </testcase> <!-- @AfterSuite extentReportEnd -->
  <testcase classname="com.intense.testcases.CreateUserTestcase" name="createUserOption" time="0.0">
    <ignored/>
  </testcase> <!-- createUserOption -->
  <testcase classname="com.intense.accelator.ActionWrappers" name="@AfterSuite extentReportEnd" time="0.0">
    <ignored/>
  </testcase> <!-- @AfterSuite extentReportEnd -->
  <testcase classname="com.intense.accelator.ActionWrappers" name="@AfterSuite extentReportEnd" time="0.0">
    <ignored/>
  </testcase> <!-- @AfterSuite extentReportEnd -->
  <testcase classname="com.intense.accelator.ActionWrappers" name="@BeforeSuite extentReportStart" time="0.0">
    <ignored/>
  </testcase> <!-- @BeforeSuite extentReportStart -->
  <testcase classname="com.intense.accelator.ActionWrappers" name="@AfterSuite extentReportEnd" time="0.0">
    <ignored/>
  </testcase> <!-- @AfterSuite extentReportEnd -->
  <testcase classname="com.intense.testcases.CreateUserTestcase" name="createNewUserData" time="0.0">
    <ignored/>
  </testcase> <!-- createNewUserData -->
  <testcase classname="com.intense.accelator.ActionWrappers" name="@BeforeSuite extentReportStart" time="0.0">
    <ignored/>
  </testcase> <!-- @BeforeSuite extentReportStart -->
  <testcase classname="com.intense.accelator.ActionWrappers" name="@BeforeSuite extentReportStart" time="0.0">
    <ignored/>
  </testcase> <!-- @BeforeSuite extentReportStart -->
  <testcase classname="com.intense.accelator.ActionWrappers" name="@BeforeSuite extentReportStart" time="0.0">
    <ignored/>
  </testcase> <!-- @BeforeSuite extentReportStart -->
</testsuite> <!-- Test -->
