<?xml version="1.0" encoding="UTF-8"?>
<!-- Generated by org.testng.reporters.JUnitXMLReporter -->
<testsuite ignored="6" hostname="ITL-LT-DL-REF-84-R0916838" failures="0" tests="7" name="Test" time="75.812" errors="0" timestamp="2024-04-25T15:59:35 IST">
  <testcase classname="com.geidea.testcases.OpenBrowserTestcase" name="openApplication" time="20.54"/>
  <testcase classname="com.geidea.testcases.LoginTestcase" name="loginApplication" time="5.29"/>
  <testcase classname="com.geidea.testcases.AppRegistrationTestcase" name="salesRegistartion" time="36.59"/>
  <testcase classname="com.geidea.testcases.ApplicationProcessingTestcase" name="searchApplication" time="3.17"/>
  <testcase classname="com.geidea.testcases.ApplicationProcessingTestcase" name="editApplication" time="3.205"/>
  <testcase classname="com.geidea.testcases.ApplicationProcessingTestcase" name="addProducts" time="3.153"/>
  <testcase classname="com.geidea.testcases.ApplicationProcessingTestcase" name="saveANDcon" time="3.088"/>
  <testcase classname="com.geidea.accelator.ActionWrappers" name="@BeforeSuite extentReportStart" time="0.0">
    <ignored/>
  </testcase> <!-- @BeforeSuite extentReportStart -->
  <testcase classname="com.geidea.accelator.ActionWrappers" name="@AfterTest extentReportEnd" time="0.0">
    <ignored/>
  </testcase> <!-- @AfterTest extentReportEnd -->
  <testcase classname="com.geidea.accelator.ActionWrappers" name="@BeforeSuite extentReportStart" time="0.0">
    <ignored/>
  </testcase> <!-- @BeforeSuite extentReportStart -->
  <testcase classname="com.geidea.accelator.ActionWrappers" name="@AfterTest extentReportEnd" time="0.0">
    <ignored/>
  </testcase> <!-- @AfterTest extentReportEnd -->
  <testcase classname="com.geidea.accelator.ActionWrappers" name="@BeforeSuite extentReportStart" time="0.0">
    <ignored/>
  </testcase> <!-- @BeforeSuite extentReportStart -->
  <testcase classname="com.geidea.accelator.ActionWrappers" name="@AfterTest extentReportEnd" time="0.0">
    <ignored/>
  </testcase> <!-- @AfterTest extentReportEnd -->
</testsuite> <!-- Test -->
