<?xml version="1.0" encoding="UTF-8"?>
<testng-results ignored="0" total="7" passed="7" failed="0" skipped="0">
  <reporter-output>
  </reporter-output>
  <suite started-at="2024-11-29T12:45:35 IST" name="Suite" finished-at="2024-11-29T12:48:09 IST" duration-ms="154580">
    <groups>
    </groups>
    <test started-at="2024-11-29T12:45:35 IST" name="Test" finished-at="2024-11-29T12:48:09 IST" duration-ms="154580">
      <class name="com.rjio.testcases.LogoutTestcase">
        <test-method is-config="true" signature="beforeClass()[pri:0, instance:com.rjio.testcases.LogoutTestcase@4b86805d]" started-at="2024-11-29T12:47:52 IST" name="beforeClass" finished-at="2024-11-29T12:47:52 IST" duration-ms="1" status="PASS">
          <reporter-output>
          </reporter-output>
        </test-method> <!-- beforeClass -->
        <test-method is-config="true" signature="extentTest(java.lang.reflect.Method)[pri:0, instance:com.rjio.testcases.LogoutTestcase@4b86805d]" started-at="2024-11-29T12:47:52 IST" name="extentTest" finished-at="2024-11-29T12:47:52 IST" duration-ms="1" status="PASS">
          <params>
            <param index="0">
              <value>
                <![CDATA[public void com.rjio.testcases.LogoutTestcase.logoutApplication()]]>
              </value>
            </param>
          </params>
          <reporter-output>
          </reporter-output>
        </test-method> <!-- extentTest -->
        <test-method signature="logoutApplication()[pri:0, instance:com.rjio.testcases.LogoutTestcase@4b86805d]" started-at="2024-11-29T12:47:52 IST" name="logoutApplication" finished-at="2024-11-29T12:48:08 IST" duration-ms="16624" status="PASS">
          <reporter-output>
          </reporter-output>
        </test-method> <!-- logoutApplication -->
      </class> <!-- com.rjio.testcases.LogoutTestcase -->
      <class name="com.rjio.testcases.LoginTestcase">
        <test-method is-config="true" signature="beforeClass()[pri:0, instance:com.rjio.testcases.LoginTestcase@a8ef162]" started-at="2024-11-29T12:45:46 IST" name="beforeClass" finished-at="2024-11-29T12:45:46 IST" duration-ms="1" status="PASS">
          <reporter-output>
          </reporter-output>
        </test-method> <!-- beforeClass -->
        <test-method is-config="true" signature="extentTest(java.lang.reflect.Method)[pri:0, instance:com.rjio.testcases.LoginTestcase@a8ef162]" started-at="2024-11-29T12:45:46 IST" name="extentTest" finished-at="2024-11-29T12:45:46 IST" duration-ms="1" status="PASS">
          <params>
            <param index="0">
              <value>
                <![CDATA[public void com.rjio.testcases.LoginTestcase.loginApplication()]]>
              </value>
            </param>
          </params>
          <reporter-output>
          </reporter-output>
        </test-method> <!-- extentTest -->
        <test-method signature="loginApplication()[pri:0, instance:com.rjio.testcases.LoginTestcase@a8ef162]" started-at="2024-11-29T12:45:46 IST" name="loginApplication" finished-at="2024-11-29T12:46:06 IST" duration-ms="19532" status="PASS">
          <reporter-output>
          </reporter-output>
        </test-method> <!-- loginApplication -->
      </class> <!-- com.rjio.testcases.LoginTestcase -->
      <class name="com.rjio.testcases.RJIONElinkTestcase">
        <test-method is-config="true" signature="beforeClass()[pri:0, instance:com.rjio.testcases.RJIONElinkTestcase@7ac296f6]" started-at="2024-11-29T12:46:06 IST" name="beforeClass" finished-at="2024-11-29T12:46:06 IST" duration-ms="1" status="PASS">
          <reporter-output>
          </reporter-output>
        </test-method> <!-- beforeClass -->
        <test-method is-config="true" signature="extentTest(java.lang.reflect.Method)[pri:0, instance:com.rjio.testcases.RJIONElinkTestcase@7ac296f6]" started-at="2024-11-29T12:46:06 IST" name="extentTest" finished-at="2024-11-29T12:46:06 IST" duration-ms="0" status="PASS">
          <params>
            <param index="0">
              <value>
                <![CDATA[public void com.rjio.testcases.RJIONElinkTestcase.RJIONELink()]]>
              </value>
            </param>
          </params>
          <reporter-output>
          </reporter-output>
        </test-method> <!-- extentTest -->
        <test-method signature="RJIONELink()[pri:0, instance:com.rjio.testcases.RJIONElinkTestcase@7ac296f6]" started-at="2024-11-29T12:46:06 IST" name="RJIONELink" finished-at="2024-11-29T12:46:25 IST" duration-ms="19296" status="PASS">
          <reporter-output>
          </reporter-output>
        </test-method> <!-- RJIONELink -->
      </class> <!-- com.rjio.testcases.RJIONElinkTestcase -->
      <class name="com.rjio.testcases.AlertsAccountsTestcase">
        <test-method is-config="true" signature="beforeClass()[pri:0, instance:com.rjio.testcases.AlertsAccountsTestcase@4e0ae11f]" started-at="2024-11-29T12:46:25 IST" name="beforeClass" finished-at="2024-11-29T12:46:25 IST" duration-ms="1" status="PASS">
          <reporter-output>
          </reporter-output>
        </test-method> <!-- beforeClass -->
        <test-method is-config="true" signature="extentTest(java.lang.reflect.Method)[pri:0, instance:com.rjio.testcases.AlertsAccountsTestcase@4e0ae11f]" started-at="2024-11-29T12:46:25 IST" name="extentTest" finished-at="2024-11-29T12:46:25 IST" duration-ms="2" status="PASS">
          <params>
            <param index="0">
              <value>
                <![CDATA[public void com.rjio.testcases.AlertsAccountsTestcase.createJMSAccount(java.lang.String)]]>
              </value>
            </param>
          </params>
          <reporter-output>
          </reporter-output>
        </test-method> <!-- extentTest -->
        <test-method signature="createJMSAccount(java.lang.String)[pri:16, instance:com.rjio.testcases.AlertsAccountsTestcase@4e0ae11f]" started-at="2024-11-29T12:46:25 IST" name="createJMSAccount" finished-at="2024-11-29T12:47:10 IST" duration-ms="45095" status="PASS">
          <params>
            <param index="0">
              <value>
                <![CDATA[Jms]]>
              </value>
            </param>
          </params>
          <reporter-output>
          </reporter-output>
        </test-method> <!-- createJMSAccount -->
        <test-method is-config="true" signature="extentTest(java.lang.reflect.Method)[pri:0, instance:com.rjio.testcases.AlertsAccountsTestcase@4e0ae11f]" started-at="2024-11-29T12:47:10 IST" name="extentTest" finished-at="2024-11-29T12:47:10 IST" duration-ms="1" status="PASS">
          <params>
            <param index="0">
              <value>
                <![CDATA[public void com.rjio.testcases.AlertsAccountsTestcase.editJMSAccount()]]>
              </value>
            </param>
          </params>
          <reporter-output>
          </reporter-output>
        </test-method> <!-- extentTest -->
        <test-method signature="editJMSAccount()[pri:17, instance:com.rjio.testcases.AlertsAccountsTestcase@4e0ae11f]" started-at="2024-11-29T12:47:10 IST" name="editJMSAccount" finished-at="2024-11-29T12:47:35 IST" duration-ms="24486" status="PASS">
          <reporter-output>
          </reporter-output>
        </test-method> <!-- editJMSAccount -->
        <test-method signature="deleteJMSAccount()[pri:20, instance:com.rjio.testcases.AlertsAccountsTestcase@4e0ae11f]" started-at="2024-11-29T12:47:35 IST" name="deleteJMSAccount" finished-at="2024-11-29T12:47:52 IST" duration-ms="16768" status="PASS">
          <reporter-output>
          </reporter-output>
        </test-method> <!-- deleteJMSAccount -->
        <test-method is-config="true" signature="extentTest(java.lang.reflect.Method)[pri:0, instance:com.rjio.testcases.AlertsAccountsTestcase@4e0ae11f]" started-at="2024-11-29T12:47:35 IST" name="extentTest" finished-at="2024-11-29T12:47:35 IST" duration-ms="0" status="PASS">
          <params>
            <param index="0">
              <value>
                <![CDATA[public void com.rjio.testcases.AlertsAccountsTestcase.deleteJMSAccount()]]>
              </value>
            </param>
          </params>
          <reporter-output>
          </reporter-output>
        </test-method> <!-- extentTest -->
      </class> <!-- com.rjio.testcases.AlertsAccountsTestcase -->
      <class name="com.rjio.testcases.OpenBrowserTestcase">
        <test-method is-config="true" signature="extentReportStart()[pri:0, instance:com.rjio.testcases.OpenBrowserTestcase@383dc82c]" started-at="2024-11-29T12:45:35 IST" name="extentReportStart" finished-at="2024-11-29T12:45:35 IST" duration-ms="305" status="PASS">
          <reporter-output>
          </reporter-output>
        </test-method> <!-- extentReportStart -->
        <test-method is-config="true" signature="beforeClass()[pri:0, instance:com.rjio.testcases.OpenBrowserTestcase@383dc82c]" started-at="2024-11-29T12:45:35 IST" name="beforeClass" finished-at="2024-11-29T12:45:35 IST" duration-ms="0" status="PASS">
          <reporter-output>
          </reporter-output>
        </test-method> <!-- beforeClass -->
        <test-method is-config="true" signature="extentTest(java.lang.reflect.Method)[pri:0, instance:com.rjio.testcases.OpenBrowserTestcase@383dc82c]" started-at="2024-11-29T12:45:35 IST" name="extentTest" finished-at="2024-11-29T12:45:35 IST" duration-ms="7" status="PASS">
          <params>
            <param index="0">
              <value>
                <![CDATA[public void com.rjio.testcases.OpenBrowserTestcase.openApplication()]]>
              </value>
            </param>
          </params>
          <reporter-output>
          </reporter-output>
        </test-method> <!-- extentTest -->
        <test-method signature="openApplication()[pri:0, instance:com.rjio.testcases.OpenBrowserTestcase@383dc82c]" started-at="2024-11-29T12:45:35 IST" name="openApplication" finished-at="2024-11-29T12:45:46 IST" duration-ms="11549" status="PASS">
          <reporter-output>
          </reporter-output>
        </test-method> <!-- openApplication -->
        <test-method is-config="true" signature="extentReportEnd(java.lang.String)[pri:0, instance:com.rjio.testcases.OpenBrowserTestcase@383dc82c]" started-at="2024-11-29T12:48:08 IST" name="extentReportEnd" finished-at="2024-11-29T12:48:09 IST" duration-ms="1118" status="PASS">
          <params>
            <param index="0">
              <value>
                <![CDATA[true]]>
              </value>
            </param>
          </params>
          <reporter-output>
          </reporter-output>
        </test-method> <!-- extentReportEnd -->
      </class> <!-- com.rjio.testcases.OpenBrowserTestcase -->
    </test> <!-- Test -->
  </suite> <!-- Suite -->
</testng-results>
