<?xml version="1.0" encoding="UTF-8"?>
<!-- Generated by org.testng.reporters.JUnitXMLReporter -->
<testsuite ignored="8" hostname="ITL-LT-DL-REF-84-R0916838" failures="0" tests="6" name="Test" time="191.016" errors="0" timestamp="2024-05-30T12:19:28 IST">
  <testcase classname="com.geidea.testcases.OpenBrowserTestcase" name="openApplication" time="20.316"/>
  <testcase classname="com.geidea.testcases.LoginTestcase" name="loginApplication" time="30.007"/>
  <testcase classname="com.geidea.testcases.AdminTestcase" name="ApplicationClick" time="16.355"/>
  <testcase classname="com.geidea.testcases.ApplicationProcessingTestcase" name="searchApplication" time="7.634"/>
  <testcase classname="com.geidea.testcases.ApplicationProcessingTestcase" name="editApplication" time="80.105"/>
  <testcase classname="com.geidea.testcases.ApplicationProcessingTestcase" name="addBusinessDeatils" time="33.912"/>
  <testcase classname="com.geidea.testcases.ApplicationProcessingTestcase" name="saveANDcon" time="0.0">
    <ignored/>
  </testcase> <!-- saveANDcon -->
  <testcase classname="com.geidea.accelator.ActionWrappers" name="@BeforeSuite extentReportStart" time="0.0">
    <ignored/>
  </testcase> <!-- @BeforeSuite extentReportStart -->
  <testcase classname="com.geidea.accelator.ActionWrappers" name="@AfterTest extentReportEnd" time="0.0">
    <ignored/>
  </testcase> <!-- @AfterTest extentReportEnd -->
  <testcase classname="com.geidea.testcases.ApplicationProcessingTestcase" name="addProducts" time="0.0">
    <ignored/>
  </testcase> <!-- addProducts -->
  <testcase classname="com.geidea.accelator.ActionWrappers" name="@BeforeSuite extentReportStart" time="0.0">
    <ignored/>
  </testcase> <!-- @BeforeSuite extentReportStart -->
  <testcase classname="com.geidea.accelator.ActionWrappers" name="@BeforeSuite extentReportStart" time="0.0">
    <ignored/>
  </testcase> <!-- @BeforeSuite extentReportStart -->
  <testcase classname="com.geidea.accelator.ActionWrappers" name="@AfterTest extentReportEnd" time="0.0">
    <ignored/>
  </testcase> <!-- @AfterTest extentReportEnd -->
  <testcase classname="com.geidea.accelator.ActionWrappers" name="@AfterTest extentReportEnd" time="0.0">
    <ignored/>
  </testcase> <!-- @AfterTest extentReportEnd -->
</testsuite> <!-- Test -->
