<?xml version="1.0" encoding="UTF-8"?>
<testng-results ignored="0" total="1" passed="1" failed="0" skipped="0">
  <reporter-output>
  </reporter-output>
  <suite started-at="2024-05-31T12:14:31 IST" name="Default suite" finished-at="2024-05-31T12:14:46 IST" duration-ms="15271">
    <groups>
    </groups>
    <test started-at="2024-05-31T12:14:31 IST" name="Default test" finished-at="2024-05-31T12:14:46 IST" duration-ms="15271">
      <class name="Active_mqData">
        <test-method signature="sendInput()[pri:0, instance:Active_mqData@5c7bfdc1]" started-at="2024-05-31T12:14:31 IST" name="sendInput" finished-at="2024-05-31T12:14:46 IST" duration-ms="15038" status="PASS">
          <reporter-output>
          </reporter-output>
        </test-method> <!-- sendInput -->
      </class> <!-- Active_mqData -->
    </test> <!-- Default test -->
  </suite> <!-- Default suite -->
</testng-results>
