<?xml version="1.0" encoding="UTF-8"?>
<!-- Generated by org.testng.reporters.JUnitXMLReporter -->
<testsuite ignored="25" hostname="ITL-LT-DL-REF-84-R0916838" failures="0" tests="7" name="Test" time="154.58" errors="0" timestamp="2024-11-29T12:48:09 IST">
  <testcase classname="com.rjio.testcases.OpenBrowserTestcase" name="openApplication" time="11.549"/>
  <testcase classname="com.rjio.testcases.LoginTestcase" name="loginApplication" time="19.532"/>
  <testcase classname="com.rjio.testcases.RJIONElinkTestcase" name="RJIONELink" time="19.296"/>
  <testcase classname="com.rjio.testcases.AlertsAccountsTestcase" name="createJMSAccount" time="45.095"/>
  <testcase classname="com.rjio.testcases.AlertsAccountsTestcase" name="editJMSAccount" time="24.486"/>
  <testcase classname="com.rjio.testcases.AlertsAccountsTestcase" name="deleteJMSAccount" time="16.768"/>
  <testcase classname="com.rjio.testcases.LogoutTestcase" name="logoutApplication" time="16.624"/>
  <testcase classname="com.rjio.testcases.AlertsAccountsTestcase" name="stopSMSAccount" time="0.0">
    <ignored/>
  </testcase> <!-- stopSMSAccount -->
  <testcase classname="com.rjio.testcases.AlertsAccountsTestcase" name="startJMSAccount" time="0.0">
    <ignored/>
  </testcase> <!-- startJMSAccount -->
  <testcase classname="com.rjio.testcases.AlertsAccountsTestcase" name="stopJMSAccount" time="0.0">
    <ignored/>
  </testcase> <!-- stopJMSAccount -->
  <testcase classname="com.rjio.testcases.AlertsAccountsTestcase" name="createSMSAccount" time="0.0">
    <ignored/>
  </testcase> <!-- createSMSAccount -->
  <testcase classname="com.rjio.testcases.AlertsAccountsTestcase" name="deleteEmailAccount" time="0.0">
    <ignored/>
  </testcase> <!-- deleteEmailAccount -->
  <testcase classname="com.rjio.testcases.AlertsAccountsTestcase" name="createAMQPAccount" time="0.0">
    <ignored/>
  </testcase> <!-- createAMQPAccount -->
  <testcase classname="com.rjio.accelator.ActionWrappers" name="@BeforeSuite extentReportStart" time="0.0">
    <ignored/>
  </testcase> <!-- @BeforeSuite extentReportStart -->
  <testcase classname="com.rjio.accelator.ActionWrappers" name="@BeforeSuite extentReportStart" time="0.0">
    <ignored/>
  </testcase> <!-- @BeforeSuite extentReportStart -->
  <testcase classname="com.rjio.testcases.AlertsAccountsTestcase" name="editAMQPAccount" time="0.0">
    <ignored/>
  </testcase> <!-- editAMQPAccount -->
  <testcase classname="com.rjio.accelator.ActionWrappers" name="@AfterTest extentReportEnd" time="0.0">
    <ignored/>
  </testcase> <!-- @AfterTest extentReportEnd -->
  <testcase classname="com.rjio.accelator.ActionWrappers" name="@BeforeSuite extentReportStart" time="0.0">
    <ignored/>
  </testcase> <!-- @BeforeSuite extentReportStart -->
  <testcase classname="com.rjio.testcases.AlertsAccountsTestcase" name="editSMSAccount" time="0.0">
    <ignored/>
  </testcase> <!-- editSMSAccount -->
  <testcase classname="com.rjio.testcases.AlertsAccountsTestcase" name="startAMQPAccount" time="0.0">
    <ignored/>
  </testcase> <!-- startAMQPAccount -->
  <testcase classname="com.rjio.testcases.AlertsAccountsTestcase" name="stopAMQPAccount" time="0.0">
    <ignored/>
  </testcase> <!-- stopAMQPAccount -->
  <testcase classname="com.rjio.testcases.AlertsAccountsTestcase" name="deleteSMSAccount" time="0.0">
    <ignored/>
  </testcase> <!-- deleteSMSAccount -->
  <testcase classname="com.rjio.testcases.AlertsAccountsTestcase" name="stopEmailAccount" time="0.0">
    <ignored/>
  </testcase> <!-- stopEmailAccount -->
  <testcase classname="com.rjio.accelator.ActionWrappers" name="@BeforeSuite extentReportStart" time="0.0">
    <ignored/>
  </testcase> <!-- @BeforeSuite extentReportStart -->
  <testcase classname="com.rjio.testcases.AlertsAccountsTestcase" name="editEmailAccount" time="0.0">
    <ignored/>
  </testcase> <!-- editEmailAccount -->
  <testcase classname="com.rjio.accelator.ActionWrappers" name="@AfterTest extentReportEnd" time="0.0">
    <ignored/>
  </testcase> <!-- @AfterTest extentReportEnd -->
  <testcase classname="com.rjio.testcases.AlertsAccountsTestcase" name="deleteAMQPAccount" time="0.0">
    <ignored/>
  </testcase> <!-- deleteAMQPAccount -->
  <testcase classname="com.rjio.testcases.AlertsAccountsTestcase" name="startEmailAccount" time="0.0">
    <ignored/>
  </testcase> <!-- startEmailAccount -->
  <testcase classname="com.rjio.testcases.AlertsAccountsTestcase" name="createEmailAccount" time="0.0">
    <ignored/>
  </testcase> <!-- createEmailAccount -->
  <testcase classname="com.rjio.accelator.ActionWrappers" name="@AfterTest extentReportEnd" time="0.0">
    <ignored/>
  </testcase> <!-- @AfterTest extentReportEnd -->
  <testcase classname="com.rjio.testcases.AlertsAccountsTestcase" name="startSMSAccount" time="0.0">
    <ignored/>
  </testcase> <!-- startSMSAccount -->
  <testcase classname="com.rjio.accelator.ActionWrappers" name="@AfterTest extentReportEnd" time="0.0">
    <ignored/>
  </testcase> <!-- @AfterTest extentReportEnd -->
</testsuite> <!-- Test -->
